<?xml version="1.0" encoding="utf-8"?><testsuites name="pytest tests"><testsuite name="pytest" errors="0" failures="0" skipped="0" tests="15" time="14.890" timestamp="2026-03-17T12:57:46.689443+00:00" hostname="agent-env-8b71c7ea-893b-4293-bcac-5030c16a3bc3"><testcase classname="tests.test_kiosk_refactor.TestAPIHealth" name="test_api_root" time="0.159" /><testcase classname="tests.test_kiosk_refactor.TestAuthentication" name="test_login_hyatt_success" time="0.691" /><testcase classname="tests.test_kiosk_refactor.TestAuthentication" name="test_login_kunafa_success" time="1.279" /><testcase classname="tests.test_kiosk_refactor.TestAuthentication" name="test_login_invalid_credentials" time="0.765" /><testcase classname="tests.test_kiosk_refactor.TestMenuEndpoints" name="test_menu_categories_requires_auth" time="0.102" /><testcase classname="tests.test_kiosk_refactor.TestMenuEndpoints" name="test_menu_items_requires_auth" time="0.113" /><testcase classname="tests.test_kiosk_refactor.TestMenuEndpoints" name="test_hyatt_categories" time="2.105" /><testcase classname="tests.test_kiosk_refactor.TestMenuEndpoints" name="test_hyatt_menu_items" time="0.149" /><testcase classname="tests.test_kiosk_refactor.TestMenuEndpoints" name="test_kunafa_categories" time="1.783" /><testcase classname="tests.test_kiosk_refactor.TestMenuEndpoints" name="test_kunafa_menu_items" time="0.127" /><testcase classname="tests.test_kiosk_refactor.TestTablesEndpoint" name="test_tables_requires_auth" time="0.109" /><testcase classname="tests.test_kiosk_refactor.TestTablesEndpoint" name="test_hyatt_has_tables" time="1.505" /><testcase classname="tests.test_kiosk_refactor.TestTablesEndpoint" name="test_kunafa_has_no_tables" time="0.531" /><testcase classname="tests.test_kiosk_refactor.TestOrderPlacement" name="test_place_order_hyatt" time="3.201" /><testcase classname="tests.test_kiosk_refactor.TestOrderPlacement" name="test_place_order_kunafa_no_table" time="2.206" /></testsuite></testsuites>