<?xml version="1.0" encoding="utf-8"?><testsuites name="pytest tests"><testsuite name="pytest" errors="0" failures="0" skipped="0" tests="9" time="8.034" timestamp="2026-03-17T10:09:16.767162+00:00" hostname="agent-env-f58bcd89-39e2-4757-82dd-3fdea9eadb02"><testcase classname="tests.test_security_and_env.TestAuthEndpoint" name="test_login_success" time="3.025" /><testcase classname="tests.test_security_and_env.TestAuthEndpoint" name="test_login_invalid_credentials" time="1.236" /><testcase classname="tests.test_security_and_env.TestMenuCategoriesEndpoint" name="test_categories_requires_auth" time="0.053" /><testcase classname="tests.test_security_and_env.TestMenuCategoriesEndpoint" name="test_categories_returns_data" time="2.396" /><testcase classname="tests.test_security_and_env.TestTablesEndpoint" name="test_tables_requires_auth" time="0.060" /><testcase classname="tests.test_security_and_env.TestTablesEndpoint" name="test_tables_returns_data" time="0.998" /><testcase classname="tests.test_security_and_env.TestMenuItemsEndpoint" name="test_menu_items_requires_auth" time="0.054" /><testcase classname="tests.test_security_and_env.TestMenuItemsEndpoint" name="test_menu_items_returns_data" time="0.060" /><testcase classname="tests.test_security_and_env.TestRootEndpoint" name="test_api_root" time="0.053" /></testsuite></testsuites>