<?xml version="1.0" encoding="utf-8"?><testsuites name="pytest tests"><testsuite name="pytest" errors="0" failures="0" skipped="0" tests="9" time="12.234" timestamp="2026-03-17T10:24:07.321408+00:00" hostname="agent-env-f58bcd89-39e2-4757-82dd-3fdea9eadb02"><testcase classname="backend.tests.test_optional_tables.TestKunafaMahalNoTables" name="test_kunafa_login_success" time="1.895" /><testcase classname="backend.tests.test_optional_tables.TestKunafaMahalNoTables" name="test_kunafa_tables_returns_empty_list_not_503" time="1.231" /><testcase classname="backend.tests.test_optional_tables.TestKunafaMahalNoTables" name="test_kunafa_menu_categories_work" time="1.847" /><testcase classname="backend.tests.test_optional_tables.TestKunafaMahalNoTables" name="test_kunafa_menu_items_work" time="1.952" /><testcase classname="backend.tests.test_optional_tables.TestHyattWithTables" name="test_hyatt_login_success" time="1.313" /><testcase classname="backend.tests.test_optional_tables.TestHyattWithTables" name="test_hyatt_tables_returns_tables_list" time="1.896" /><testcase classname="backend.tests.test_optional_tables.TestHyattWithTables" name="test_hyatt_menu_categories_work" time="1.823" /><testcase classname="backend.tests.test_optional_tables.TestAPIUnauthorized" name="test_tables_requires_auth" time="0.100" /><testcase classname="backend.tests.test_optional_tables.TestAPIUnauthorized" name="test_menu_requires_auth" time="0.106" /></testsuite></testsuites>